<?xml version="1.0" encoding="UTF-8"?>
<!-- Generated by org.testng.reporters.JUnitReportReporter -->
<testsuite hostname="DESKTOP-Q208RS0" failures="0" tests="1" name="Collection.Mohit" time="0.014" errors="0" timestamp="2021-01-12T20:28:54 IST" skipped="0">
  <testcase classname="Collection.Mohit" name="test" time="0.014"/>
  <system-out>
Hello  </system-out>
</testsuite> <!-- Collection.Mohit -->
